1732263550.085451 client started (39448): version 3.5a, socket /private/tmp/tmux-501/default, protocol 8
1732263550.085498 on Darwin 24.1.0 Darwin Kernel Version 24.1.0: Thu Oct 10 21:00:32 PDT 2024; root:xnu-11215.41.3~2/RELEASE_ARM64_T6030
1732263550.085512 using libevent 2.1.12-stable select
1732263550.085771 using utf8proc 2.9.0
1732263550.085798 using ncurses 6.5 20240427
1732263550.085821 flags are 0x10010000
1732263550.085829 socket is /private/tmp/tmux-501/default
1732263550.085842 trying connect
1732263550.085888 add peer 0x148028000: 6 (0x0)
1732263550.088976 sending message 111 to peer 0x148028000 (8 bytes)
1732263550.088998 sending message 111 to peer 0x148028000 (8 bytes)
1732263550.089007 sending message 101 to peer 0x148028000 (14 bytes)
1732263550.089015 sending message 109 to peer 0x148028000 (4 bytes)
1732263550.089021 sending message 102 to peer 0x148028000 (13 bytes)
1732263550.089027 sending message 108 to peer 0x148028000 (54 bytes)
1732263550.089033 sending message 112 to peer 0x148028000 (70 bytes)
1732263550.089038 sending message 112 to peer 0x148028000 (5 bytes)
1732263550.089044 sending message 112 to peer 0x148028000 (5 bytes)
1732263550.089050 sending message 112 to peer 0x148028000 (6 bytes)
1732263550.089055 sending message 112 to peer 0x148028000 (6 bytes)
1732263550.089061 sending message 112 to peer 0x148028000 (11 bytes)
1732263550.089066 sending message 112 to peer 0x148028000 (10 bytes)
1732263550.089072 sending message 112 to peer 0x148028000 (13 bytes)
1732263550.089077 sending message 112 to peer 0x148028000 (13 bytes)
1732263550.089083 sending message 112 to peer 0x148028000 (18 bytes)
1732263550.089088 sending message 112 to peer 0x148028000 (11 bytes)
1732263550.089093 sending message 112 to peer 0x148028000 (10 bytes)
1732263550.089099 sending message 112 to peer 0x148028000 (15 bytes)
1732263550.089104 sending message 112 to peer 0x148028000 (21 bytes)
1732263550.089110 sending message 112 to peer 0x148028000 (13 bytes)
1732263550.089115 sending message 112 to peer 0x148028000 (7 bytes)
1732263550.089121 sending message 112 to peer 0x148028000 (13 bytes)
1732263550.089126 sending message 112 to peer 0x148028000 (7 bytes)
1732263550.089132 sending message 112 to peer 0x148028000 (13 bytes)
1732263550.089137 sending message 112 to peer 0x148028000 (9 bytes)
1732263550.089143 sending message 112 to peer 0x148028000 (21 bytes)
1732263550.089148 sending message 112 to peer 0x148028000 (13 bytes)
1732263550.089153 sending message 112 to peer 0x148028000 (8 bytes)
1732263550.089159 sending message 112 to peer 0x148028000 (12 bytes)
1732263550.089164 sending message 112 to peer 0x148028000 (13 bytes)
1732263550.089169 sending message 112 to peer 0x148028000 (9 bytes)
1732263550.089175 sending message 112 to peer 0x148028000 (9 bytes)
1732263550.089180 sending message 112 to peer 0x148028000 (12 bytes)
1732263550.089186 sending message 112 to peer 0x148028000 (8 bytes)
1732263550.089191 sending message 112 to peer 0x148028000 (7 bytes)
1732263550.089197 sending message 112 to peer 0x148028000 (7 bytes)
1732263550.089202 sending message 112 to peer 0x148028000 (9 bytes)
1732263550.089207 sending message 112 to peer 0x148028000 (13 bytes)
1732263550.089213 sending message 112 to peer 0x148028000 (6 bytes)
1732263550.089218 sending message 112 to peer 0x148028000 (9 bytes)
1732263550.089224 sending message 112 to peer 0x148028000 (13 bytes)
1732263550.089229 sending message 112 to peer 0x148028000 (12 bytes)
1732263550.089235 sending message 112 to peer 0x148028000 (8 bytes)
1732263550.089240 sending message 112 to peer 0x148028000 (9 bytes)
1732263550.089245 sending message 112 to peer 0x148028000 (10 bytes)
1732263550.089251 sending message 112 to peer 0x148028000 (10 bytes)
1732263550.089256 sending message 112 to peer 0x148028000 (10 bytes)
1732263550.089261 sending message 112 to peer 0x148028000 (10 bytes)
1732263550.089267 sending message 112 to peer 0x148028000 (11 bytes)
1732263550.089272 sending message 112 to peer 0x148028000 (10 bytes)
1732263550.089277 sending message 112 to peer 0x148028000 (8 bytes)
1732263550.089294 sending message 112 to peer 0x148028000 (11 bytes)
1732263550.089299 sending message 112 to peer 0x148028000 (11 bytes)
1732263550.089303 sending message 112 to peer 0x148028000 (11 bytes)
1732263550.089307 sending message 112 to peer 0x148028000 (8 bytes)
1732263550.089311 sending message 112 to peer 0x148028000 (8 bytes)
1732263550.089315 sending message 112 to peer 0x148028000 (8 bytes)
1732263550.089318 sending message 112 to peer 0x148028000 (10 bytes)
1732263550.089322 sending message 112 to peer 0x148028000 (10 bytes)
1732263550.089326 sending message 112 to peer 0x148028000 (10 bytes)
1732263550.089330 sending message 112 to peer 0x148028000 (10 bytes)
1732263550.089334 sending message 112 to peer 0x148028000 (10 bytes)
1732263550.089338 sending message 112 to peer 0x148028000 (11 bytes)
1732263550.089342 sending message 112 to peer 0x148028000 (11 bytes)
1732263550.089346 sending message 112 to peer 0x148028000 (10 bytes)
1732263550.089349 sending message 112 to peer 0x148028000 (9 bytes)
1732263550.089353 sending message 112 to peer 0x148028000 (9 bytes)
1732263550.089357 sending message 112 to peer 0x148028000 (12 bytes)
1732263550.089361 sending message 112 to peer 0x148028000 (9 bytes)
1732263550.089365 sending message 112 to peer 0x148028000 (6 bytes)
1732263550.089369 sending message 112 to peer 0x148028000 (8 bytes)
1732263550.089373 sending message 112 to peer 0x148028000 (15 bytes)
1732263550.089376 sending message 112 to peer 0x148028000 (13 bytes)
1732263550.089380 sending message 112 to peer 0x148028000 (9 bytes)
1732263550.089384 sending message 112 to peer 0x148028000 (70 bytes)
1732263550.089388 sending message 112 to peer 0x148028000 (69 bytes)
1732263550.089392 sending message 112 to peer 0x148028000 (10 bytes)
1732263550.089396 sending message 112 to peer 0x148028000 (10 bytes)
1732263550.089400 sending message 112 to peer 0x148028000 (8 bytes)
1732263550.089404 sending message 112 to peer 0x148028000 (15 bytes)
1732263550.089407 sending message 112 to peer 0x148028000 (13 bytes)
1732263550.089411 sending message 112 to peer 0x148028000 (10 bytes)
1732263550.089415 sending message 112 to peer 0x148028000 (10 bytes)
1732263550.089419 sending message 112 to peer 0x148028000 (13 bytes)
1732263550.089423 sending message 112 to peer 0x148028000 (9 bytes)
1732263550.089427 sending message 112 to peer 0x148028000 (5 bytes)
1732263550.089431 sending message 112 to peer 0x148028000 (5 bytes)
1732263550.089437 sending message 104 to peer 0x148028000 (0 bytes)
1732263550.089442 sending message 110 to peer 0x148028000 (0 bytes)
1732263550.089446 sending message 107 to peer 0x148028000 (4 bytes)
1732263550.089450 sending message 105 to peer 0x148028000 (15 bytes)
1732263550.089453 sending message 105 to peer 0x148028000 (20 bytes)
1732263550.089457 sending message 105 to peer 0x148028000 (22 bytes)
1732263550.089461 sending message 105 to peer 0x148028000 (28 bytes)
1732263550.089465 sending message 105 to peer 0x148028000 (37 bytes)
1732263550.089469 sending message 105 to peer 0x148028000 (30 bytes)
1732263550.089473 sending message 105 to peer 0x148028000 (34 bytes)
1732263550.089477 sending message 105 to peer 0x148028000 (60 bytes)
1732263550.089481 sending message 105 to peer 0x148028000 (22 bytes)
1732263550.089484 sending message 105 to peer 0x148028000 (61 bytes)
1732263550.089488 sending message 105 to peer 0x148028000 (208 bytes)
1732263550.089492 sending message 105 to peer 0x148028000 (17 bytes)
1732263550.089497 sending message 105 to peer 0x148028000 (19 bytes)
1732263550.089500 sending message 105 to peer 0x148028000 (27 bytes)
1732263550.089504 sending message 105 to peer 0x148028000 (8 bytes)
1732263550.089508 sending message 105 to peer 0x148028000 (24 bytes)
1732263550.089512 sending message 105 to peer 0x148028000 (32 bytes)
1732263550.089516 sending message 105 to peer 0x148028000 (96 bytes)
1732263550.089520 sending message 105 to peer 0x148028000 (54 bytes)
1732263550.089524 sending message 105 to peer 0x148028000 (51 bytes)
1732263550.089528 sending message 105 to peer 0x148028000 (63 bytes)
1732263550.089541 sending message 105 to peer 0x148028000 (16 bytes)
1732263550.089545 sending message 105 to peer 0x148028000 (36 bytes)
1732263550.089549 sending message 105 to peer 0x148028000 (72 bytes)
1732263550.089553 sending message 105 to peer 0x148028000 (53 bytes)
1732263550.089556 sending message 105 to peer 0x148028000 (12 bytes)
1732263550.089560 sending message 105 to peer 0x148028000 (11 bytes)
1732263550.089564 sending message 105 to peer 0x148028000 (504 bytes)
1732263550.089569 sending message 105 to peer 0x148028000 (58 bytes)
1732263550.089572 sending message 105 to peer 0x148028000 (24 bytes)
1732263550.089576 sending message 105 to peer 0x148028000 (15 bytes)
1732263550.089580 sending message 105 to peer 0x148028000 (8 bytes)
1732263550.089584 sending message 105 to peer 0x148028000 (85 bytes)
1732263550.089588 sending message 105 to peer 0x148028000 (66 bytes)
1732263550.089592 sending message 105 to peer 0x148028000 (19 bytes)
1732263550.089596 sending message 105 to peer 0x148028000 (86 bytes)
1732263550.089600 sending message 105 to peer 0x148028000 (44 bytes)
1732263550.089603 sending message 105 to peer 0x148028000 (18 bytes)
1732263550.089607 sending message 105 to peer 0x148028000 (26 bytes)
1732263550.089611 sending message 105 to peer 0x148028000 (60 bytes)
1732263550.089615 sending message 105 to peer 0x148028000 (57 bytes)
1732263550.089619 sending message 105 to peer 0x148028000 (44 bytes)
1732263550.089623 sending message 105 to peer 0x148028000 (14 bytes)
1732263550.089626 sending message 105 to peer 0x148028000 (63 bytes)
1732263550.089630 sending message 105 to peer 0x148028000 (21 bytes)
1732263550.089634 sending message 105 to peer 0x148028000 (14 bytes)
1732263550.089638 sending message 105 to peer 0x148028000 (19 bytes)
1732263550.089642 sending message 105 to peer 0x148028000 (38 bytes)
1732263550.089646 sending message 105 to peer 0x148028000 (26 bytes)
1732263550.089649 sending message 105 to peer 0x148028000 (22 bytes)
1732263550.089653 sending message 105 to peer 0x148028000 (43 bytes)
1732263550.089657 sending message 105 to peer 0x148028000 (32 bytes)
1732263550.089661 sending message 105 to peer 0x148028000 (10 bytes)
1732263550.089665 sending message 105 to peer 0x148028000 (25 bytes)
1732263550.089668 sending message 106 to peer 0x148028000 (0 bytes)
1732263550.089724 sending message 200 to peer 0x148028000 (4 bytes)
1732263550.089731 client loop enter
1732263550.090064 peer 0x148028000 message 303
1732263550.090076 open write file 2 -
1732263550.090087 sending message 305 to peer 0x148028000 (8 bytes)
1732263550.090101 write check file 2
1732263550.090138 peer 0x148028000 message 304
1732263550.090143 write 58 to file 2
1732263550.090149 peer 0x148028000 message 203
1732263550.090153 file 2 58 bytes left
1732263550.090168 write check file 2
1732263550.090173 client loop exit
